<?xml version="1.0" encoding="UTF-8"?>
<!-- Generated by org.testng.reporters.JUnitXMLReporter -->
<testsuite ignored="0" hostname="tsl" failures="2" tests="13" name="Test" time="132.811" errors="0" timestamp="12 May 2025 10:19:39 GMT">
  <testcase classname="CRM.TestScriptsClass" name="TC10_DocumentDownload" time="5.474">
    <failure type="org.openqa.selenium.StaleElementReferenceException" message="The element with the reference 90734f43-952e-4ac0-bc71-74141fb2fd68 is stale; either its node document is not the active document, or it is no longer connected to the DOM
For documentation on this error, please visit: https://www.seleniumhq.org/exceptions/stale_element_reference.html
Build info: version: &amp;apos;4.0.0-alpha-3&amp;apos;, revision: &amp;apos;8c567de6dc&amp;apos;
System info: host: &amp;apos;tsl&amp;apos;, ip: &amp;apos;192.168.1.195&amp;apos;, os.name: &amp;apos;Linux&amp;apos;, os.arch: &amp;apos;amd64&amp;apos;, os.version: &amp;apos;5.15.0-136-generic&amp;apos;, java.version: &amp;apos;20.0.2&amp;apos;
Driver info: org.openqa.selenium.firefox.FirefoxDriver
Capabilities {acceptInsecureCerts: true, browserName: firefox, browserVersion: 136.0, javascriptEnabled: true, moz:accessibilityChecks: false, moz:buildID: 20250227124745, moz:geckodriverVersion: 0.36.0, moz:headless: false, moz:platformVersion: 5.15.0-136-generic, moz:processID: 146112, moz:profile: /tmp/rust_mozprofileDWm6Po, moz:shutdownTimeout: 60000, moz:webdriverClick: true, moz:windowless: false, pageLoadStrategy: normal, platform: LINUX, platformName: LINUX, proxy: Proxy(), setWindowRect: true, strictFileInteractability: false, timeouts: {implicit: 0, pageLoad: 300000, script: 30000}, unhandledPromptBehavior: dismiss and notify, userAgent: Mozilla/5.0 (X11; Ubuntu; L...}
Session ID: 1fa64791-0467-49f9-ad50-9fba4f77ec2d">
      <![CDATA[org.openqa.selenium.StaleElementReferenceException: The element with the reference 90734f43-952e-4ac0-bc71-74141fb2fd68 is stale; either its node document is not the active document, or it is no longer connected to the DOM
For documentation on this error, please visit: https://www.seleniumhq.org/exceptions/stale_element_reference.html
Build info: version: '4.0.0-alpha-3', revision: '8c567de6dc'
System info: host: 'tsl', ip: '192.168.1.195', os.name: 'Linux', os.arch: 'amd64', os.version: '5.15.0-136-generic', java.version: '20.0.2'
Driver info: org.openqa.selenium.firefox.FirefoxDriver
Capabilities {acceptInsecureCerts: true, browserName: firefox, browserVersion: 136.0, javascriptEnabled: true, moz:accessibilityChecks: false, moz:buildID: 20250227124745, moz:geckodriverVersion: 0.36.0, moz:headless: false, moz:platformVersion: 5.15.0-136-generic, moz:processID: 146112, moz:profile: /tmp/rust_mozprofileDWm6Po, moz:shutdownTimeout: 60000, moz:webdriverClick: true, moz:windowless: false, pageLoadStrategy: normal, platform: LINUX, platformName: LINUX, proxy: Proxy(), setWindowRect: true, strictFileInteractability: false, timeouts: {implicit: 0, pageLoad: 300000, script: 30000}, unhandledPromptBehavior: dismiss and notify, userAgent: Mozilla/5.0 (X11; Ubuntu; L...}
Session ID: 1fa64791-0467-49f9-ad50-9fba4f77ec2d
at org.openqa.selenium.remote.codec.w3c.W3CHttpResponseCodec.createException(W3CHttpResponseCodec.java:191)
at org.openqa.selenium.remote.codec.w3c.W3CHttpResponseCodec.decode(W3CHttpResponseCodec.java:125)
at org.openqa.selenium.remote.codec.w3c.W3CHttpResponseCodec.decode(W3CHttpResponseCodec.java:52)
at org.openqa.selenium.remote.HttpCommandExecutor.execute(HttpCommandExecutor.java:161)
at org.openqa.selenium.remote.service.DriverCommandExecutor.execute(DriverCommandExecutor.java:83)
at org.openqa.selenium.remote.RemoteWebDriver.execute(RemoteWebDriver.java:576)
at org.openqa.selenium.remote.RemoteWebElement.execute(RemoteWebElement.java:308)
at org.openqa.selenium.remote.RemoteWebElement.click(RemoteWebElement.java:83)
at CRM.TestScriptsClass.TC10_DocumentDownload(TestScriptsClass.java:309)
... Removed 26 stack frames]]>
    </failure>
  </testcase> <!-- TC10_DocumentDownload -->
  <testcase classname="CRM.TestScriptsClass" name="TC11_Generating_Analytical_Rep" time="6.147"/>
  <testcase classname="CRM.TestScriptsClass" name="TC12_Filter_LeadTags" time="13.783">
    <failure type="org.openqa.selenium.NoSuchElementException" message="Unable to locate element: //span[text()=&amp;apos;Leads&amp;apos;]
For documentation on this error, please visit: https://www.seleniumhq.org/exceptions/no_such_element.html
Build info: version: &amp;apos;4.0.0-alpha-3&amp;apos;, revision: &amp;apos;8c567de6dc&amp;apos;
System info: host: &amp;apos;tsl&amp;apos;, ip: &amp;apos;192.168.1.195&amp;apos;, os.name: &amp;apos;Linux&amp;apos;, os.arch: &amp;apos;amd64&amp;apos;, os.version: &amp;apos;5.15.0-136-generic&amp;apos;, java.version: &amp;apos;20.0.2&amp;apos;
Driver info: org.openqa.selenium.firefox.FirefoxDriver
Capabilities {acceptInsecureCerts: true, browserName: firefox, browserVersion: 136.0, javascriptEnabled: true, moz:accessibilityChecks: false, moz:buildID: 20250227124745, moz:geckodriverVersion: 0.36.0, moz:headless: false, moz:platformVersion: 5.15.0-136-generic, moz:processID: 147585, moz:profile: /tmp/rust_mozprofileW1pvtv, moz:shutdownTimeout: 60000, moz:webdriverClick: true, moz:windowless: false, pageLoadStrategy: normal, platform: LINUX, platformName: LINUX, proxy: Proxy(), setWindowRect: true, strictFileInteractability: false, timeouts: {implicit: 0, pageLoad: 300000, script: 30000}, unhandledPromptBehavior: dismiss and notify, userAgent: Mozilla/5.0 (X11; Ubuntu; L...}
Session ID: a205cf00-8e41-49af-b6e6-df16d0776564
*** Element info: {Using=xpath, value=//span[text()=&amp;apos;Leads&amp;apos;]}">
      <![CDATA[org.openqa.selenium.NoSuchElementException: Unable to locate element: //span[text()='Leads']
For documentation on this error, please visit: https://www.seleniumhq.org/exceptions/no_such_element.html
Build info: version: '4.0.0-alpha-3', revision: '8c567de6dc'
System info: host: 'tsl', ip: '192.168.1.195', os.name: 'Linux', os.arch: 'amd64', os.version: '5.15.0-136-generic', java.version: '20.0.2'
Driver info: org.openqa.selenium.firefox.FirefoxDriver
Capabilities {acceptInsecureCerts: true, browserName: firefox, browserVersion: 136.0, javascriptEnabled: true, moz:accessibilityChecks: false, moz:buildID: 20250227124745, moz:geckodriverVersion: 0.36.0, moz:headless: false, moz:platformVersion: 5.15.0-136-generic, moz:processID: 147585, moz:profile: /tmp/rust_mozprofileW1pvtv, moz:shutdownTimeout: 60000, moz:webdriverClick: true, moz:windowless: false, pageLoadStrategy: normal, platform: LINUX, platformName: LINUX, proxy: Proxy(), setWindowRect: true, strictFileInteractability: false, timeouts: {implicit: 0, pageLoad: 300000, script: 30000}, unhandledPromptBehavior: dismiss and notify, userAgent: Mozilla/5.0 (X11; Ubuntu; L...}
Session ID: a205cf00-8e41-49af-b6e6-df16d0776564
*** Element info: {Using=xpath, value=//span[text()='Leads']}
at org.openqa.selenium.remote.codec.w3c.W3CHttpResponseCodec.createException(W3CHttpResponseCodec.java:191)
at org.openqa.selenium.remote.codec.w3c.W3CHttpResponseCodec.decode(W3CHttpResponseCodec.java:125)
at org.openqa.selenium.remote.codec.w3c.W3CHttpResponseCodec.decode(W3CHttpResponseCodec.java:52)
at org.openqa.selenium.remote.HttpCommandExecutor.execute(HttpCommandExecutor.java:161)
at org.openqa.selenium.remote.service.DriverCommandExecutor.execute(DriverCommandExecutor.java:83)
at org.openqa.selenium.remote.RemoteWebDriver.execute(RemoteWebDriver.java:576)
at org.openqa.selenium.remote.RemoteWebDriver.findElement(RemoteWebDriver.java:327)
at org.openqa.selenium.remote.RemoteWebDriver.findElementByXPath(RemoteWebDriver.java:445)
at CRM.TestScriptsClass.TC12_Filter_LeadTags(TestScriptsClass.java:377)
... Removed 26 stack frames]]>
    </failure>
  </testcase> <!-- TC12_Filter_LeadTags -->
  <testcase classname="CRM.TestScriptsClass" name="TC13_Filter_LeadSource" time="9.185"/>
  <testcase classname="CRM.TestScriptsClass" name="TC1_loginTest" time="0.741"/>
  <testcase classname="CRM.TestScriptsClass" name="TC2_AnalyticsReports" time="2.262"/>
  <testcase classname="CRM.TestScriptsClass" name="TC3_Leads" time="2.089"/>
  <testcase classname="CRM.TestScriptsClass" name="TC4_Tasks" time="2.454"/>
  <testcase classname="CRM.TestScriptsClass" name="TC5_Documents" time="1.979"/>
  <testcase classname="CRM.TestScriptsClass" name="TC6_CreatioionOfLead" time="2.932"/>
  <testcase classname="CRM.TestScriptsClass" name="TC7_TaskToLead" time="3.567"/>
  <testcase classname="CRM.TestScriptsClass" name="TC8_sales_pipeline_stage" time="3.571"/>
  <testcase classname="CRM.TestScriptsClass" name="TC9_UploadDocument" time="6.239"/>
</testsuite> <!-- Test -->
