<?xml version="1.0" encoding="UTF-8"?>
<testng-results ignored="0" total="13" passed="8" failed="5" skipped="0">
  <reporter-output>
  </reporter-output>
  <suite started-at="2025-07-30T13:44:05Z" name="Suite" finished-at="2025-07-31T06:13:09Z" duration-ms="59344258">
    <groups>
    </groups>
    <test started-at="2025-07-30T13:44:05Z" name="Test" finished-at="2025-07-31T06:13:09Z" duration-ms="59344258">
      <class name="CRM.TestScriptsClass">
        <test-method is-config="true" signature="setUp()[pri:0, instance:CRM.TestScriptsClass@3e27ba32]" started-at="2025-07-30T13:44:05Z" name="setUp" finished-at="2025-07-30T13:44:08Z" duration-ms="3355" status="PASS">
          <reporter-output>
          </reporter-output>
        </test-method> <!-- setUp -->
        <test-method signature="TC10_DocumentDownload(java.lang.String, java.lang.String)[pri:0, instance:CRM.TestScriptsClass@3e27ba32]" started-at="2025-07-30T13:44:08Z" name="TC10_DocumentDownload" data-provider="credentials" finished-at="2025-07-30T13:44:24Z" duration-ms="15490" status="FAIL">
          <params>
            <param index="0">
              <value>
                <![CDATA[venkatesh.prasad@techcanopy.com]]>
              </value>
            </param>
            <param index="1">
              <value>
                <![CDATA[Manuvenky7#]]>
              </value>
            </param>
          </params>
          <exception class="org.openqa.selenium.NoSuchElementException">
            <message>
              <![CDATA[Unable to locate element: //span[text()='SamplePDFDoc (1).pdf']
For documentation on this error, please visit: https://www.seleniumhq.org/exceptions/no_such_element.html
Build info: version: '4.0.0-alpha-3', revision: '8c567de6dc'
System info: host: 'tsl', ip: '192.168.0.45', os.name: 'Linux', os.arch: 'amd64', os.version: '5.15.0-136-generic', java.version: '17.0.14'
Driver info: org.openqa.selenium.firefox.FirefoxDriver
Capabilities {acceptInsecureCerts: true, browserName: firefox, browserVersion: 136.0, javascriptEnabled: true, moz:accessibilityChecks: false, moz:buildID: 20250227124745, moz:geckodriverVersion: 0.36.0, moz:headless: false, moz:platformVersion: 5.15.0-136-generic, moz:processID: 27295, moz:profile: /tmp/rust_mozprofilezvo8pI, moz:shutdownTimeout: 60000, moz:webdriverClick: true, moz:windowless: false, pageLoadStrategy: normal, platform: LINUX, platformName: LINUX, proxy: Proxy(), setWindowRect: true, strictFileInteractability: false, timeouts: {implicit: 0, pageLoad: 300000, script: 30000}, unhandledPromptBehavior: dismiss and notify, userAgent: Mozilla/5.0 (X11; Ubuntu; L...}
Session ID: 60e1980f-223d-4e07-a72c-2ce73dd4171f
*** Element info: {Using=xpath, value=//span[text()='SamplePDFDoc (1).pdf']}]]>
            </message>
            <full-stacktrace>
              <![CDATA[org.openqa.selenium.NoSuchElementException: Unable to locate element: //span[text()='SamplePDFDoc (1).pdf']
For documentation on this error, please visit: https://www.seleniumhq.org/exceptions/no_such_element.html
Build info: version: '4.0.0-alpha-3', revision: '8c567de6dc'
System info: host: 'tsl', ip: '192.168.0.45', os.name: 'Linux', os.arch: 'amd64', os.version: '5.15.0-136-generic', java.version: '17.0.14'
Driver info: org.openqa.selenium.firefox.FirefoxDriver
Capabilities {acceptInsecureCerts: true, browserName: firefox, browserVersion: 136.0, javascriptEnabled: true, moz:accessibilityChecks: false, moz:buildID: 20250227124745, moz:geckodriverVersion: 0.36.0, moz:headless: false, moz:platformVersion: 5.15.0-136-generic, moz:processID: 27295, moz:profile: /tmp/rust_mozprofilezvo8pI, moz:shutdownTimeout: 60000, moz:webdriverClick: true, moz:windowless: false, pageLoadStrategy: normal, platform: LINUX, platformName: LINUX, proxy: Proxy(), setWindowRect: true, strictFileInteractability: false, timeouts: {implicit: 0, pageLoad: 300000, script: 30000}, unhandledPromptBehavior: dismiss and notify, userAgent: Mozilla/5.0 (X11; Ubuntu; L...}
Session ID: 60e1980f-223d-4e07-a72c-2ce73dd4171f
*** Element info: {Using=xpath, value=//span[text()='SamplePDFDoc (1).pdf']}
at java.base/jdk.internal.reflect.NativeConstructorAccessorImpl.newInstance0(Native Method)
at java.base/jdk.internal.reflect.NativeConstructorAccessorImpl.newInstance(NativeConstructorAccessorImpl.java:77)
at java.base/jdk.internal.reflect.DelegatingConstructorAccessorImpl.newInstance(DelegatingConstructorAccessorImpl.java:45)
at java.base/java.lang.reflect.Constructor.newInstanceWithCaller(Constructor.java:500)
at java.base/java.lang.reflect.Constructor.newInstance(Constructor.java:481)
at org.openqa.selenium.remote.codec.w3c.W3CHttpResponseCodec.createException(W3CHttpResponseCodec.java:191)
at org.openqa.selenium.remote.codec.w3c.W3CHttpResponseCodec.decode(W3CHttpResponseCodec.java:125)
at org.openqa.selenium.remote.codec.w3c.W3CHttpResponseCodec.decode(W3CHttpResponseCodec.java:52)
at org.openqa.selenium.remote.HttpCommandExecutor.execute(HttpCommandExecutor.java:161)
at org.openqa.selenium.remote.service.DriverCommandExecutor.execute(DriverCommandExecutor.java:83)
at org.openqa.selenium.remote.RemoteWebDriver.execute(RemoteWebDriver.java:576)
at org.openqa.selenium.remote.RemoteWebDriver.findElement(RemoteWebDriver.java:327)
at org.openqa.selenium.remote.RemoteWebDriver.findElementByXPath(RemoteWebDriver.java:445)
at org.openqa.selenium.By$ByXPath.findElement(By.java:396)
at org.openqa.selenium.remote.RemoteWebDriver.findElement(RemoteWebDriver.java:319)
at CRM.TestScriptsClass.TC10_DocumentDownload(TestScriptsClass.java:303)
at java.base/jdk.internal.reflect.NativeMethodAccessorImpl.invoke0(Native Method)
at java.base/jdk.internal.reflect.NativeMethodAccessorImpl.invoke(NativeMethodAccessorImpl.java:77)
at java.base/jdk.internal.reflect.DelegatingMethodAccessorImpl.invoke(DelegatingMethodAccessorImpl.java:43)
at java.base/java.lang.reflect.Method.invoke(Method.java:569)
at org.testng.internal.MethodInvocationHelper.invokeMethod(MethodInvocationHelper.java:124)
at org.testng.internal.Invoker.invokeMethod(Invoker.java:583)
at org.testng.internal.Invoker.invokeTestMethod(Invoker.java:719)
at org.testng.internal.Invoker.invokeTestMethods(Invoker.java:989)
at org.testng.internal.TestMethodWorker.invokeTestMethods(TestMethodWorker.java:125)
at org.testng.internal.TestMethodWorker.run(TestMethodWorker.java:109)
at org.testng.TestRunner.privateRun(TestRunner.java:648)
at org.testng.TestRunner.run(TestRunner.java:505)
at org.testng.SuiteRunner.runTest(SuiteRunner.java:455)
at org.testng.SuiteRunner.runSequentially(SuiteRunner.java:450)
at org.testng.SuiteRunner.privateRun(SuiteRunner.java:415)
at org.testng.SuiteRunner.run(SuiteRunner.java:364)
at org.testng.SuiteRunnerWorker.runSuite(SuiteRunnerWorker.java:52)
at org.testng.SuiteRunnerWorker.run(SuiteRunnerWorker.java:84)
at org.testng.TestNG.runSuitesSequentially(TestNG.java:1208)
at org.testng.TestNG.runSuitesLocally(TestNG.java:1137)
at org.testng.TestNG.runSuites(TestNG.java:1049)
at org.testng.TestNG.run(TestNG.java:1017)
at org.testng.remote.AbstractRemoteTestNG.run(AbstractRemoteTestNG.java:115)
at org.testng.remote.RemoteTestNG.initAndRun(RemoteTestNG.java:293)
at org.testng.remote.RemoteTestNG.main(RemoteTestNG.java:91)
]]>
            </full-stacktrace>
          </exception> <!-- org.openqa.selenium.NoSuchElementException -->
          <reporter-output>
          </reporter-output>
        </test-method> <!-- TC10_DocumentDownload -->
        <test-method is-config="true" signature="tearDown()[pri:0, instance:CRM.TestScriptsClass@3e27ba32]" started-at="2025-07-30T13:44:25Z" name="tearDown" finished-at="2025-07-30T13:44:28Z" duration-ms="2745" status="PASS">
          <reporter-output>
          </reporter-output>
        </test-method> <!-- tearDown -->
        <test-method is-config="true" signature="setUp()[pri:0, instance:CRM.TestScriptsClass@3e27ba32]" started-at="2025-07-30T13:44:28Z" name="setUp" finished-at="2025-07-30T13:44:30Z" duration-ms="2693" status="PASS">
          <reporter-output>
          </reporter-output>
        </test-method> <!-- setUp -->
        <test-method signature="TC11_Generating_Analytical_Rep(java.lang.String, java.lang.String)[pri:0, instance:CRM.TestScriptsClass@3e27ba32]" started-at="2025-07-30T13:44:30Z" name="TC11_Generating_Analytical_Rep" data-provider="credentials" finished-at="2025-07-30T13:44:34Z" duration-ms="3440" status="PASS">
          <params>
            <param index="0">
              <value>
                <![CDATA[venkatesh.prasad@techcanopy.com]]>
              </value>
            </param>
            <param index="1">
              <value>
                <![CDATA[Manuvenky7#]]>
              </value>
            </param>
          </params>
          <reporter-output>
          </reporter-output>
        </test-method> <!-- TC11_Generating_Analytical_Rep -->
        <test-method is-config="true" signature="tearDown()[pri:0, instance:CRM.TestScriptsClass@3e27ba32]" started-at="2025-07-30T13:44:34Z" name="tearDown" finished-at="2025-07-30T13:44:37Z" duration-ms="2887" status="PASS">
          <reporter-output>
          </reporter-output>
        </test-method> <!-- tearDown -->
        <test-method is-config="true" signature="setUp()[pri:0, instance:CRM.TestScriptsClass@3e27ba32]" started-at="2025-07-30T13:44:37Z" name="setUp" finished-at="2025-07-30T13:44:39Z" duration-ms="2634" status="PASS">
          <reporter-output>
          </reporter-output>
        </test-method> <!-- setUp -->
        <test-method signature="TC12_Filter_LeadTags(java.lang.String, java.lang.String)[pri:0, instance:CRM.TestScriptsClass@3e27ba32]" started-at="2025-07-30T13:44:39Z" name="TC12_Filter_LeadTags" data-provider="credentials" finished-at="2025-07-30T13:44:50Z" duration-ms="11055" status="FAIL">
          <params>
            <param index="0">
              <value>
                <![CDATA[venkatesh.prasad@techcanopy.com]]>
              </value>
            </param>
            <param index="1">
              <value>
                <![CDATA[Manuvenky7#]]>
              </value>
            </param>
          </params>
          <exception class="org.openqa.selenium.NoSuchElementException">
            <message>
              <![CDATA[Unable to locate element: //span[text()='Leads']
For documentation on this error, please visit: https://www.seleniumhq.org/exceptions/no_such_element.html
Build info: version: '4.0.0-alpha-3', revision: '8c567de6dc'
System info: host: 'tsl', ip: '192.168.0.45', os.name: 'Linux', os.arch: 'amd64', os.version: '5.15.0-136-generic', java.version: '17.0.14'
Driver info: org.openqa.selenium.firefox.FirefoxDriver
Capabilities {acceptInsecureCerts: true, browserName: firefox, browserVersion: 136.0, javascriptEnabled: true, moz:accessibilityChecks: false, moz:buildID: 20250227124745, moz:geckodriverVersion: 0.36.0, moz:headless: false, moz:platformVersion: 5.15.0-136-generic, moz:processID: 28140, moz:profile: /tmp/rust_mozprofileYlenO0, moz:shutdownTimeout: 60000, moz:webdriverClick: true, moz:windowless: false, pageLoadStrategy: normal, platform: LINUX, platformName: LINUX, proxy: Proxy(), setWindowRect: true, strictFileInteractability: false, timeouts: {implicit: 0, pageLoad: 300000, script: 30000}, unhandledPromptBehavior: dismiss and notify, userAgent: Mozilla/5.0 (X11; Ubuntu; L...}
Session ID: 9b4449d4-a20f-4b19-8a17-74d1be309312
*** Element info: {Using=xpath, value=//span[text()='Leads']}]]>
            </message>
            <full-stacktrace>
              <![CDATA[org.openqa.selenium.NoSuchElementException: Unable to locate element: //span[text()='Leads']
For documentation on this error, please visit: https://www.seleniumhq.org/exceptions/no_such_element.html
Build info: version: '4.0.0-alpha-3', revision: '8c567de6dc'
System info: host: 'tsl', ip: '192.168.0.45', os.name: 'Linux', os.arch: 'amd64', os.version: '5.15.0-136-generic', java.version: '17.0.14'
Driver info: org.openqa.selenium.firefox.FirefoxDriver
Capabilities {acceptInsecureCerts: true, browserName: firefox, browserVersion: 136.0, javascriptEnabled: true, moz:accessibilityChecks: false, moz:buildID: 20250227124745, moz:geckodriverVersion: 0.36.0, moz:headless: false, moz:platformVersion: 5.15.0-136-generic, moz:processID: 28140, moz:profile: /tmp/rust_mozprofileYlenO0, moz:shutdownTimeout: 60000, moz:webdriverClick: true, moz:windowless: false, pageLoadStrategy: normal, platform: LINUX, platformName: LINUX, proxy: Proxy(), setWindowRect: true, strictFileInteractability: false, timeouts: {implicit: 0, pageLoad: 300000, script: 30000}, unhandledPromptBehavior: dismiss and notify, userAgent: Mozilla/5.0 (X11; Ubuntu; L...}
Session ID: 9b4449d4-a20f-4b19-8a17-74d1be309312
*** Element info: {Using=xpath, value=//span[text()='Leads']}
at java.base/jdk.internal.reflect.NativeConstructorAccessorImpl.newInstance0(Native Method)
at java.base/jdk.internal.reflect.NativeConstructorAccessorImpl.newInstance(NativeConstructorAccessorImpl.java:77)
at java.base/jdk.internal.reflect.DelegatingConstructorAccessorImpl.newInstance(DelegatingConstructorAccessorImpl.java:45)
at java.base/java.lang.reflect.Constructor.newInstanceWithCaller(Constructor.java:500)
at java.base/java.lang.reflect.Constructor.newInstance(Constructor.java:481)
at org.openqa.selenium.remote.codec.w3c.W3CHttpResponseCodec.createException(W3CHttpResponseCodec.java:191)
at org.openqa.selenium.remote.codec.w3c.W3CHttpResponseCodec.decode(W3CHttpResponseCodec.java:125)
at org.openqa.selenium.remote.codec.w3c.W3CHttpResponseCodec.decode(W3CHttpResponseCodec.java:52)
at org.openqa.selenium.remote.HttpCommandExecutor.execute(HttpCommandExecutor.java:161)
at org.openqa.selenium.remote.service.DriverCommandExecutor.execute(DriverCommandExecutor.java:83)
at org.openqa.selenium.remote.RemoteWebDriver.execute(RemoteWebDriver.java:576)
at org.openqa.selenium.remote.RemoteWebDriver.findElement(RemoteWebDriver.java:327)
at org.openqa.selenium.remote.RemoteWebDriver.findElementByXPath(RemoteWebDriver.java:445)
at org.openqa.selenium.By$ByXPath.findElement(By.java:396)
at org.openqa.selenium.remote.RemoteWebDriver.findElement(RemoteWebDriver.java:319)
at CRM.TestScriptsClass.TC12_Filter_LeadTags(TestScriptsClass.java:362)
at java.base/jdk.internal.reflect.NativeMethodAccessorImpl.invoke0(Native Method)
at java.base/jdk.internal.reflect.NativeMethodAccessorImpl.invoke(NativeMethodAccessorImpl.java:77)
at java.base/jdk.internal.reflect.DelegatingMethodAccessorImpl.invoke(DelegatingMethodAccessorImpl.java:43)
at java.base/java.lang.reflect.Method.invoke(Method.java:569)
at org.testng.internal.MethodInvocationHelper.invokeMethod(MethodInvocationHelper.java:124)
at org.testng.internal.Invoker.invokeMethod(Invoker.java:583)
at org.testng.internal.Invoker.invokeTestMethod(Invoker.java:719)
at org.testng.internal.Invoker.invokeTestMethods(Invoker.java:989)
at org.testng.internal.TestMethodWorker.invokeTestMethods(TestMethodWorker.java:125)
at org.testng.internal.TestMethodWorker.run(TestMethodWorker.java:109)
at org.testng.TestRunner.privateRun(TestRunner.java:648)
at org.testng.TestRunner.run(TestRunner.java:505)
at org.testng.SuiteRunner.runTest(SuiteRunner.java:455)
at org.testng.SuiteRunner.runSequentially(SuiteRunner.java:450)
at org.testng.SuiteRunner.privateRun(SuiteRunner.java:415)
at org.testng.SuiteRunner.run(SuiteRunner.java:364)
at org.testng.SuiteRunnerWorker.runSuite(SuiteRunnerWorker.java:52)
at org.testng.SuiteRunnerWorker.run(SuiteRunnerWorker.java:84)
at org.testng.TestNG.runSuitesSequentially(TestNG.java:1208)
at org.testng.TestNG.runSuitesLocally(TestNG.java:1137)
at org.testng.TestNG.runSuites(TestNG.java:1049)
at org.testng.TestNG.run(TestNG.java:1017)
at org.testng.remote.AbstractRemoteTestNG.run(AbstractRemoteTestNG.java:115)
at org.testng.remote.RemoteTestNG.initAndRun(RemoteTestNG.java:293)
at org.testng.remote.RemoteTestNG.main(RemoteTestNG.java:91)
]]>
            </full-stacktrace>
          </exception> <!-- org.openqa.selenium.NoSuchElementException -->
          <reporter-output>
          </reporter-output>
        </test-method> <!-- TC12_Filter_LeadTags -->
        <test-method is-config="true" signature="tearDown()[pri:0, instance:CRM.TestScriptsClass@3e27ba32]" started-at="2025-07-30T13:44:52Z" name="tearDown" finished-at="2025-07-30T13:44:54Z" duration-ms="2739" status="PASS">
          <reporter-output>
          </reporter-output>
        </test-method> <!-- tearDown -->
        <test-method is-config="true" signature="setUp()[pri:0, instance:CRM.TestScriptsClass@3e27ba32]" started-at="2025-07-30T13:44:54Z" name="setUp" finished-at="2025-07-30T13:44:57Z" duration-ms="2634" status="PASS">
          <reporter-output>
          </reporter-output>
        </test-method> <!-- setUp -->
        <test-method signature="TC13_Filter_LeadSource(java.lang.String, java.lang.String)[pri:0, instance:CRM.TestScriptsClass@3e27ba32]" started-at="2025-07-30T13:44:57Z" name="TC13_Filter_LeadSource" data-provider="credentials" finished-at="2025-07-30T13:45:04Z" duration-ms="6803" status="PASS">
          <params>
            <param index="0">
              <value>
                <![CDATA[venkatesh.prasad@techcanopy.com]]>
              </value>
            </param>
            <param index="1">
              <value>
                <![CDATA[Manuvenky7#]]>
              </value>
            </param>
          </params>
          <reporter-output>
          </reporter-output>
        </test-method> <!-- TC13_Filter_LeadSource -->
        <test-method is-config="true" signature="tearDown()[pri:0, instance:CRM.TestScriptsClass@3e27ba32]" started-at="2025-07-30T13:45:04Z" name="tearDown" finished-at="2025-07-30T13:45:07Z" duration-ms="2754" status="PASS">
          <reporter-output>
          </reporter-output>
        </test-method> <!-- tearDown -->
        <test-method is-config="true" signature="setUp()[pri:0, instance:CRM.TestScriptsClass@3e27ba32]" started-at="2025-07-30T13:45:07Z" name="setUp" finished-at="2025-07-30T13:45:09Z" duration-ms="2643" status="PASS">
          <reporter-output>
          </reporter-output>
        </test-method> <!-- setUp -->
        <test-method signature="TC1_loginTest(java.lang.String, java.lang.String)[pri:0, instance:CRM.TestScriptsClass@3e27ba32]" started-at="2025-07-30T13:45:09Z" name="TC1_loginTest" data-provider="credentials" finished-at="2025-07-30T13:45:10Z" duration-ms="898" status="PASS">
          <params>
            <param index="0">
              <value>
                <![CDATA[venkatesh.prasad@techcanopy.com]]>
              </value>
            </param>
            <param index="1">
              <value>
                <![CDATA[Manuvenky7#]]>
              </value>
            </param>
          </params>
          <reporter-output>
          </reporter-output>
        </test-method> <!-- TC1_loginTest -->
        <test-method is-config="true" signature="tearDown()[pri:0, instance:CRM.TestScriptsClass@3e27ba32]" started-at="2025-07-30T13:45:10Z" name="tearDown" finished-at="2025-07-30T13:45:13Z" duration-ms="3030" status="PASS">
          <reporter-output>
          </reporter-output>
        </test-method> <!-- tearDown -->
        <test-method is-config="true" signature="setUp()[pri:0, instance:CRM.TestScriptsClass@3e27ba32]" started-at="2025-07-30T13:45:13Z" name="setUp" finished-at="2025-07-30T13:45:16Z" duration-ms="2865" status="PASS">
          <reporter-output>
          </reporter-output>
        </test-method> <!-- setUp -->
        <test-method signature="TC2_AnalyticsReports(java.lang.String, java.lang.String)[pri:0, instance:CRM.TestScriptsClass@3e27ba32]" started-at="2025-07-30T13:45:16Z" name="TC2_AnalyticsReports" data-provider="credentials" finished-at="2025-07-30T13:45:18Z" duration-ms="2121" status="PASS">
          <params>
            <param index="0">
              <value>
                <![CDATA[venkatesh.prasad@techcanopy.com]]>
              </value>
            </param>
            <param index="1">
              <value>
                <![CDATA[Manuvenky7#]]>
              </value>
            </param>
          </params>
          <reporter-output>
          </reporter-output>
        </test-method> <!-- TC2_AnalyticsReports -->
        <test-method is-config="true" signature="tearDown()[pri:0, instance:CRM.TestScriptsClass@3e27ba32]" started-at="2025-07-30T13:45:18Z" name="tearDown" finished-at="2025-07-30T13:45:21Z" duration-ms="2854" status="PASS">
          <reporter-output>
          </reporter-output>
        </test-method> <!-- tearDown -->
        <test-method is-config="true" signature="setUp()[pri:0, instance:CRM.TestScriptsClass@3e27ba32]" started-at="2025-07-30T13:45:21Z" name="setUp" finished-at="2025-07-30T13:45:24Z" duration-ms="2596" status="PASS">
          <reporter-output>
          </reporter-output>
        </test-method> <!-- setUp -->
        <test-method signature="TC3_Leads(java.lang.String, java.lang.String)[pri:0, instance:CRM.TestScriptsClass@3e27ba32]" started-at="2025-07-30T13:45:24Z" name="TC3_Leads" data-provider="credentials" finished-at="2025-07-30T13:45:26Z" duration-ms="2266" status="PASS">
          <params>
            <param index="0">
              <value>
                <![CDATA[venkatesh.prasad@techcanopy.com]]>
              </value>
            </param>
            <param index="1">
              <value>
                <![CDATA[Manuvenky7#]]>
              </value>
            </param>
          </params>
          <reporter-output>
          </reporter-output>
        </test-method> <!-- TC3_Leads -->
        <test-method is-config="true" signature="tearDown()[pri:0, instance:CRM.TestScriptsClass@3e27ba32]" started-at="2025-07-30T13:45:26Z" name="tearDown" finished-at="2025-07-30T13:45:29Z" duration-ms="2856" status="PASS">
          <reporter-output>
          </reporter-output>
        </test-method> <!-- tearDown -->
        <test-method is-config="true" signature="setUp()[pri:0, instance:CRM.TestScriptsClass@3e27ba32]" started-at="2025-07-30T13:45:29Z" name="setUp" finished-at="2025-07-30T13:45:31Z" duration-ms="2641" status="PASS">
          <reporter-output>
          </reporter-output>
        </test-method> <!-- setUp -->
        <test-method signature="TC4_Tasks(java.lang.String, java.lang.String)[pri:0, instance:CRM.TestScriptsClass@3e27ba32]" started-at="2025-07-30T13:45:31Z" name="TC4_Tasks" data-provider="credentials" finished-at="2025-07-30T13:45:33Z" duration-ms="2108" status="PASS">
          <params>
            <param index="0">
              <value>
                <![CDATA[venkatesh.prasad@techcanopy.com]]>
              </value>
            </param>
            <param index="1">
              <value>
                <![CDATA[Manuvenky7#]]>
              </value>
            </param>
          </params>
          <reporter-output>
          </reporter-output>
        </test-method> <!-- TC4_Tasks -->
        <test-method is-config="true" signature="tearDown()[pri:0, instance:CRM.TestScriptsClass@3e27ba32]" started-at="2025-07-30T13:45:33Z" name="tearDown" finished-at="2025-07-30T13:45:36Z" duration-ms="2836" status="PASS">
          <reporter-output>
          </reporter-output>
        </test-method> <!-- tearDown -->
        <test-method is-config="true" signature="setUp()[pri:0, instance:CRM.TestScriptsClass@3e27ba32]" started-at="2025-07-30T13:45:36Z" name="setUp" finished-at="2025-07-30T13:45:39Z" duration-ms="3120" status="PASS">
          <reporter-output>
          </reporter-output>
        </test-method> <!-- setUp -->
        <test-method signature="TC5_Documents(java.lang.String, java.lang.String)[pri:0, instance:CRM.TestScriptsClass@3e27ba32]" started-at="2025-07-30T13:45:39Z" name="TC5_Documents" data-provider="credentials" finished-at="2025-07-30T13:45:42Z" duration-ms="2301" status="PASS">
          <params>
            <param index="0">
              <value>
                <![CDATA[venkatesh.prasad@techcanopy.com]]>
              </value>
            </param>
            <param index="1">
              <value>
                <![CDATA[Manuvenky7#]]>
              </value>
            </param>
          </params>
          <reporter-output>
          </reporter-output>
        </test-method> <!-- TC5_Documents -->
        <test-method is-config="true" signature="tearDown()[pri:0, instance:CRM.TestScriptsClass@3e27ba32]" started-at="2025-07-30T13:45:42Z" name="tearDown" finished-at="2025-07-30T13:45:45Z" duration-ms="2846" status="PASS">
          <reporter-output>
          </reporter-output>
        </test-method> <!-- tearDown -->
        <test-method is-config="true" signature="setUp()[pri:0, instance:CRM.TestScriptsClass@3e27ba32]" started-at="2025-07-30T13:45:45Z" name="setUp" finished-at="2025-07-30T13:45:47Z" duration-ms="2747" status="PASS">
          <reporter-output>
          </reporter-output>
        </test-method> <!-- setUp -->
        <test-method signature="TC6_CreationOfLead(java.lang.String, java.lang.String)[pri:0, instance:CRM.TestScriptsClass@3e27ba32]" started-at="2025-07-30T13:45:47Z" name="TC6_CreationOfLead" data-provider="credentials" finished-at="2025-07-30T13:45:50Z" duration-ms="3093" status="PASS">
          <params>
            <param index="0">
              <value>
                <![CDATA[venkatesh.prasad@techcanopy.com]]>
              </value>
            </param>
            <param index="1">
              <value>
                <![CDATA[Manuvenky7#]]>
              </value>
            </param>
          </params>
          <reporter-output>
          </reporter-output>
        </test-method> <!-- TC6_CreationOfLead -->
        <test-method is-config="true" signature="tearDown()[pri:0, instance:CRM.TestScriptsClass@3e27ba32]" started-at="2025-07-30T13:45:50Z" name="tearDown" finished-at="2025-07-30T13:45:53Z" duration-ms="2850" status="PASS">
          <reporter-output>
          </reporter-output>
        </test-method> <!-- tearDown -->
        <test-method is-config="true" signature="setUp()[pri:0, instance:CRM.TestScriptsClass@3e27ba32]" started-at="2025-07-30T13:45:53Z" name="setUp" finished-at="2025-07-30T13:45:56Z" duration-ms="2674" status="PASS">
          <reporter-output>
          </reporter-output>
        </test-method> <!-- setUp -->
        <test-method signature="TC7_TaskToLead(java.lang.String, java.lang.String)[pri:0, instance:CRM.TestScriptsClass@3e27ba32]" started-at="2025-07-30T13:45:56Z" name="TC7_TaskToLead" data-provider="credentials" finished-at="2025-07-30T13:45:59Z" duration-ms="3061" status="FAIL">
          <params>
            <param index="0">
              <value>
                <![CDATA[venkatesh.prasad@techcanopy.com]]>
              </value>
            </param>
            <param index="1">
              <value>
                <![CDATA[Manuvenky7#]]>
              </value>
            </param>
          </params>
          <exception class="org.openqa.selenium.ElementClickInterceptedException">
            <message>
              <![CDATA[Element <button class="inline-flex items-center justify-center gap-2 whitespace-nowrap rounded-md text-sm font-medium ring-offset-background transition-colors focus-visible:outline-none focus-visible:ring-2 focus-visible:ring-ring focus-visible:ring-offset-2 disabled:pointer-events-none disabled:opacity-50 [&_svg]:pointer-events-none [&_svg]:size-4 [&_svg]:shrink-0 bg-primary text-primary-foreground hover:bg-primary/90 h-10 px-4 py-2" type="submit"> is not clickable at point (1146,826) because another element <div class="flex flex-col-reverse sm:flex-row sm:justify-end sm:space-x-2"> obscures it
Build info: version: '4.0.0-alpha-3', revision: '8c567de6dc'
System info: host: 'tsl', ip: '192.168.0.45', os.name: 'Linux', os.arch: 'amd64', os.version: '5.15.0-136-generic', java.version: '17.0.14'
Driver info: org.openqa.selenium.firefox.FirefoxDriver
Capabilities {acceptInsecureCerts: true, browserName: firefox, browserVersion: 136.0, javascriptEnabled: true, moz:accessibilityChecks: false, moz:buildID: 20250227124745, moz:geckodriverVersion: 0.36.0, moz:headless: false, moz:platformVersion: 5.15.0-136-generic, moz:processID: 31230, moz:profile: /tmp/rust_mozprofile30bX1z, moz:shutdownTimeout: 60000, moz:webdriverClick: true, moz:windowless: false, pageLoadStrategy: normal, platform: LINUX, platformName: LINUX, proxy: Proxy(), setWindowRect: true, strictFileInteractability: false, timeouts: {implicit: 0, pageLoad: 300000, script: 30000}, unhandledPromptBehavior: dismiss and notify, userAgent: Mozilla/5.0 (X11; Ubuntu; L...}
Session ID: 91e2a5d9-8135-4643-a041-a15d662ac534]]>
            </message>
            <full-stacktrace>
              <![CDATA[org.openqa.selenium.ElementClickInterceptedException: Element <button class="inline-flex items-center justify-center gap-2 whitespace-nowrap rounded-md text-sm font-medium ring-offset-background transition-colors focus-visible:outline-none focus-visible:ring-2 focus-visible:ring-ring focus-visible:ring-offset-2 disabled:pointer-events-none disabled:opacity-50 [&_svg]:pointer-events-none [&_svg]:size-4 [&_svg]:shrink-0 bg-primary text-primary-foreground hover:bg-primary/90 h-10 px-4 py-2" type="submit"> is not clickable at point (1146,826) because another element <div class="flex flex-col-reverse sm:flex-row sm:justify-end sm:space-x-2"> obscures it
Build info: version: '4.0.0-alpha-3', revision: '8c567de6dc'
System info: host: 'tsl', ip: '192.168.0.45', os.name: 'Linux', os.arch: 'amd64', os.version: '5.15.0-136-generic', java.version: '17.0.14'
Driver info: org.openqa.selenium.firefox.FirefoxDriver
Capabilities {acceptInsecureCerts: true, browserName: firefox, browserVersion: 136.0, javascriptEnabled: true, moz:accessibilityChecks: false, moz:buildID: 20250227124745, moz:geckodriverVersion: 0.36.0, moz:headless: false, moz:platformVersion: 5.15.0-136-generic, moz:processID: 31230, moz:profile: /tmp/rust_mozprofile30bX1z, moz:shutdownTimeout: 60000, moz:webdriverClick: true, moz:windowless: false, pageLoadStrategy: normal, platform: LINUX, platformName: LINUX, proxy: Proxy(), setWindowRect: true, strictFileInteractability: false, timeouts: {implicit: 0, pageLoad: 300000, script: 30000}, unhandledPromptBehavior: dismiss and notify, userAgent: Mozilla/5.0 (X11; Ubuntu; L...}
Session ID: 91e2a5d9-8135-4643-a041-a15d662ac534
at java.base/jdk.internal.reflect.NativeConstructorAccessorImpl.newInstance0(Native Method)
at java.base/jdk.internal.reflect.NativeConstructorAccessorImpl.newInstance(NativeConstructorAccessorImpl.java:77)
at java.base/jdk.internal.reflect.DelegatingConstructorAccessorImpl.newInstance(DelegatingConstructorAccessorImpl.java:45)
at java.base/java.lang.reflect.Constructor.newInstanceWithCaller(Constructor.java:500)
at java.base/java.lang.reflect.Constructor.newInstance(Constructor.java:481)
at org.openqa.selenium.remote.codec.w3c.W3CHttpResponseCodec.createException(W3CHttpResponseCodec.java:191)
at org.openqa.selenium.remote.codec.w3c.W3CHttpResponseCodec.decode(W3CHttpResponseCodec.java:125)
at org.openqa.selenium.remote.codec.w3c.W3CHttpResponseCodec.decode(W3CHttpResponseCodec.java:52)
at org.openqa.selenium.remote.HttpCommandExecutor.execute(HttpCommandExecutor.java:161)
at org.openqa.selenium.remote.service.DriverCommandExecutor.execute(DriverCommandExecutor.java:83)
at org.openqa.selenium.remote.RemoteWebDriver.execute(RemoteWebDriver.java:576)
at org.openqa.selenium.remote.RemoteWebElement.execute(RemoteWebElement.java:308)
at org.openqa.selenium.remote.RemoteWebElement.click(RemoteWebElement.java:83)
at CRM.TestScriptsClass.TC7_TaskToLead(TestScriptsClass.java:190)
at java.base/jdk.internal.reflect.NativeMethodAccessorImpl.invoke0(Native Method)
at java.base/jdk.internal.reflect.NativeMethodAccessorImpl.invoke(NativeMethodAccessorImpl.java:77)
at java.base/jdk.internal.reflect.DelegatingMethodAccessorImpl.invoke(DelegatingMethodAccessorImpl.java:43)
at java.base/java.lang.reflect.Method.invoke(Method.java:569)
at org.testng.internal.MethodInvocationHelper.invokeMethod(MethodInvocationHelper.java:124)
at org.testng.internal.Invoker.invokeMethod(Invoker.java:583)
at org.testng.internal.Invoker.invokeTestMethod(Invoker.java:719)
at org.testng.internal.Invoker.invokeTestMethods(Invoker.java:989)
at org.testng.internal.TestMethodWorker.invokeTestMethods(TestMethodWorker.java:125)
at org.testng.internal.TestMethodWorker.run(TestMethodWorker.java:109)
at org.testng.TestRunner.privateRun(TestRunner.java:648)
at org.testng.TestRunner.run(TestRunner.java:505)
at org.testng.SuiteRunner.runTest(SuiteRunner.java:455)
at org.testng.SuiteRunner.runSequentially(SuiteRunner.java:450)
at org.testng.SuiteRunner.privateRun(SuiteRunner.java:415)
at org.testng.SuiteRunner.run(SuiteRunner.java:364)
at org.testng.SuiteRunnerWorker.runSuite(SuiteRunnerWorker.java:52)
at org.testng.SuiteRunnerWorker.run(SuiteRunnerWorker.java:84)
at org.testng.TestNG.runSuitesSequentially(TestNG.java:1208)
at org.testng.TestNG.runSuitesLocally(TestNG.java:1137)
at org.testng.TestNG.runSuites(TestNG.java:1049)
at org.testng.TestNG.run(TestNG.java:1017)
at org.testng.remote.AbstractRemoteTestNG.run(AbstractRemoteTestNG.java:115)
at org.testng.remote.RemoteTestNG.initAndRun(RemoteTestNG.java:293)
at org.testng.remote.RemoteTestNG.main(RemoteTestNG.java:91)
]]>
            </full-stacktrace>
          </exception> <!-- org.openqa.selenium.ElementClickInterceptedException -->
          <reporter-output>
          </reporter-output>
        </test-method> <!-- TC7_TaskToLead -->
        <test-method is-config="true" signature="tearDown()[pri:0, instance:CRM.TestScriptsClass@3e27ba32]" started-at="2025-07-30T13:46:00Z" name="tearDown" finished-at="2025-07-30T13:46:03Z" duration-ms="2752" status="PASS">
          <reporter-output>
          </reporter-output>
        </test-method> <!-- tearDown -->
        <test-method is-config="true" signature="setUp()[pri:0, instance:CRM.TestScriptsClass@3e27ba32]" started-at="2025-07-30T13:46:03Z" name="setUp" finished-at="2025-07-30T13:46:05Z" duration-ms="2653" status="PASS">
          <reporter-output>
          </reporter-output>
        </test-method> <!-- setUp -->
        <test-method signature="TC8_sales_pipeline_stage(java.lang.String, java.lang.String)[pri:0, instance:CRM.TestScriptsClass@3e27ba32]" started-at="2025-07-30T13:46:05Z" name="TC8_sales_pipeline_stage" data-provider="credentials" finished-at="2025-07-30T13:46:17Z" duration-ms="11956" status="FAIL">
          <params>
            <param index="0">
              <value>
                <![CDATA[venkatesh.prasad@techcanopy.com]]>
              </value>
            </param>
            <param index="1">
              <value>
                <![CDATA[Manuvenky7#]]>
              </value>
            </param>
          </params>
          <exception class="org.openqa.selenium.NoSuchElementException">
            <message>
              <![CDATA[Unable to locate element: //p[text()='Test lead 14']
For documentation on this error, please visit: https://www.seleniumhq.org/exceptions/no_such_element.html
Build info: version: '4.0.0-alpha-3', revision: '8c567de6dc'
System info: host: 'tsl', ip: '192.168.0.45', os.name: 'Linux', os.arch: 'amd64', os.version: '5.15.0-136-generic', java.version: '17.0.14'
Driver info: org.openqa.selenium.firefox.FirefoxDriver
Capabilities {acceptInsecureCerts: true, browserName: firefox, browserVersion: 136.0, javascriptEnabled: true, moz:accessibilityChecks: false, moz:buildID: 20250227124745, moz:geckodriverVersion: 0.36.0, moz:headless: false, moz:platformVersion: 5.15.0-136-generic, moz:processID: 31621, moz:profile: /tmp/rust_mozprofileGXn6qT, moz:shutdownTimeout: 60000, moz:webdriverClick: true, moz:windowless: false, pageLoadStrategy: normal, platform: LINUX, platformName: LINUX, proxy: Proxy(), setWindowRect: true, strictFileInteractability: false, timeouts: {implicit: 0, pageLoad: 300000, script: 30000}, unhandledPromptBehavior: dismiss and notify, userAgent: Mozilla/5.0 (X11; Ubuntu; L...}
Session ID: 63f07040-df1d-49ae-9ca2-5098c65b34bd
*** Element info: {Using=xpath, value=//p[text()='Test lead 14']}]]>
            </message>
            <full-stacktrace>
              <![CDATA[org.openqa.selenium.NoSuchElementException: Unable to locate element: //p[text()='Test lead 14']
For documentation on this error, please visit: https://www.seleniumhq.org/exceptions/no_such_element.html
Build info: version: '4.0.0-alpha-3', revision: '8c567de6dc'
System info: host: 'tsl', ip: '192.168.0.45', os.name: 'Linux', os.arch: 'amd64', os.version: '5.15.0-136-generic', java.version: '17.0.14'
Driver info: org.openqa.selenium.firefox.FirefoxDriver
Capabilities {acceptInsecureCerts: true, browserName: firefox, browserVersion: 136.0, javascriptEnabled: true, moz:accessibilityChecks: false, moz:buildID: 20250227124745, moz:geckodriverVersion: 0.36.0, moz:headless: false, moz:platformVersion: 5.15.0-136-generic, moz:processID: 31621, moz:profile: /tmp/rust_mozprofileGXn6qT, moz:shutdownTimeout: 60000, moz:webdriverClick: true, moz:windowless: false, pageLoadStrategy: normal, platform: LINUX, platformName: LINUX, proxy: Proxy(), setWindowRect: true, strictFileInteractability: false, timeouts: {implicit: 0, pageLoad: 300000, script: 30000}, unhandledPromptBehavior: dismiss and notify, userAgent: Mozilla/5.0 (X11; Ubuntu; L...}
Session ID: 63f07040-df1d-49ae-9ca2-5098c65b34bd
*** Element info: {Using=xpath, value=//p[text()='Test lead 14']}
at java.base/jdk.internal.reflect.NativeConstructorAccessorImpl.newInstance0(Native Method)
at java.base/jdk.internal.reflect.NativeConstructorAccessorImpl.newInstance(NativeConstructorAccessorImpl.java:77)
at java.base/jdk.internal.reflect.DelegatingConstructorAccessorImpl.newInstance(DelegatingConstructorAccessorImpl.java:45)
at java.base/java.lang.reflect.Constructor.newInstanceWithCaller(Constructor.java:500)
at java.base/java.lang.reflect.Constructor.newInstance(Constructor.java:481)
at org.openqa.selenium.remote.codec.w3c.W3CHttpResponseCodec.createException(W3CHttpResponseCodec.java:191)
at org.openqa.selenium.remote.codec.w3c.W3CHttpResponseCodec.decode(W3CHttpResponseCodec.java:125)
at org.openqa.selenium.remote.codec.w3c.W3CHttpResponseCodec.decode(W3CHttpResponseCodec.java:52)
at org.openqa.selenium.remote.HttpCommandExecutor.execute(HttpCommandExecutor.java:161)
at org.openqa.selenium.remote.service.DriverCommandExecutor.execute(DriverCommandExecutor.java:83)
at org.openqa.selenium.remote.RemoteWebDriver.execute(RemoteWebDriver.java:576)
at org.openqa.selenium.remote.RemoteWebDriver.findElement(RemoteWebDriver.java:327)
at org.openqa.selenium.remote.RemoteWebDriver.findElementByXPath(RemoteWebDriver.java:445)
at org.openqa.selenium.By$ByXPath.findElement(By.java:396)
at org.openqa.selenium.remote.RemoteWebDriver.findElement(RemoteWebDriver.java:319)
at CRM.TestScriptsClass.TC8_sales_pipeline_stage(TestScriptsClass.java:214)
at java.base/jdk.internal.reflect.NativeMethodAccessorImpl.invoke0(Native Method)
at java.base/jdk.internal.reflect.NativeMethodAccessorImpl.invoke(NativeMethodAccessorImpl.java:77)
at java.base/jdk.internal.reflect.DelegatingMethodAccessorImpl.invoke(DelegatingMethodAccessorImpl.java:43)
at java.base/java.lang.reflect.Method.invoke(Method.java:569)
at org.testng.internal.MethodInvocationHelper.invokeMethod(MethodInvocationHelper.java:124)
at org.testng.internal.Invoker.invokeMethod(Invoker.java:583)
at org.testng.internal.Invoker.invokeTestMethod(Invoker.java:719)
at org.testng.internal.Invoker.invokeTestMethods(Invoker.java:989)
at org.testng.internal.TestMethodWorker.invokeTestMethods(TestMethodWorker.java:125)
at org.testng.internal.TestMethodWorker.run(TestMethodWorker.java:109)
at org.testng.TestRunner.privateRun(TestRunner.java:648)
at org.testng.TestRunner.run(TestRunner.java:505)
at org.testng.SuiteRunner.runTest(SuiteRunner.java:455)
at org.testng.SuiteRunner.runSequentially(SuiteRunner.java:450)
at org.testng.SuiteRunner.privateRun(SuiteRunner.java:415)
at org.testng.SuiteRunner.run(SuiteRunner.java:364)
at org.testng.SuiteRunnerWorker.runSuite(SuiteRunnerWorker.java:52)
at org.testng.SuiteRunnerWorker.run(SuiteRunnerWorker.java:84)
at org.testng.TestNG.runSuitesSequentially(TestNG.java:1208)
at org.testng.TestNG.runSuitesLocally(TestNG.java:1137)
at org.testng.TestNG.runSuites(TestNG.java:1049)
at org.testng.TestNG.run(TestNG.java:1017)
at org.testng.remote.AbstractRemoteTestNG.run(AbstractRemoteTestNG.java:115)
at org.testng.remote.RemoteTestNG.initAndRun(RemoteTestNG.java:293)
at org.testng.remote.RemoteTestNG.main(RemoteTestNG.java:91)
]]>
            </full-stacktrace>
          </exception> <!-- org.openqa.selenium.NoSuchElementException -->
          <reporter-output>
          </reporter-output>
        </test-method> <!-- TC8_sales_pipeline_stage -->
        <test-method is-config="true" signature="tearDown()[pri:0, instance:CRM.TestScriptsClass@3e27ba32]" started-at="2025-07-30T13:46:18Z" name="tearDown" finished-at="2025-07-30T13:46:21Z" duration-ms="2733" status="PASS">
          <reporter-output>
          </reporter-output>
        </test-method> <!-- tearDown -->
        <test-method is-config="true" signature="setUp()[pri:0, instance:CRM.TestScriptsClass@3e27ba32]" started-at="2025-07-30T13:46:21Z" name="setUp" finished-at="2025-07-31T06:13:02Z" duration-ms="59201015" status="PASS">
          <reporter-output>
          </reporter-output>
        </test-method> <!-- setUp -->
        <test-method signature="TC9_UploadDocument(java.lang.String, java.lang.String)[pri:0, instance:CRM.TestScriptsClass@3e27ba32]" started-at="2025-07-31T06:13:02Z" name="TC9_UploadDocument" data-provider="credentials" finished-at="2025-07-31T06:13:05Z" duration-ms="3225" status="FAIL">
          <params>
            <param index="0">
              <value>
                <![CDATA[venkatesh.prasad@techcanopy.com]]>
              </value>
            </param>
            <param index="1">
              <value>
                <![CDATA[Manuvenky7#]]>
              </value>
            </param>
          </params>
          <exception class="org.openqa.selenium.WebDriverException">
            <message>
              <![CDATA[Reached error page: about:neterror?e=dnsNotFound&u=https%3A//qa.ifaclick.com/login&c=UTF-8&d=We%20can%E2%80%99t%20connect%20to%20the%20server%20at%20qa.ifaclick.com.
Build info: version: '4.0.0-alpha-3', revision: '8c567de6dc'
System info: host: 'tsl', ip: '192.168.0.45', os.name: 'Linux', os.arch: 'amd64', os.version: '5.15.0-136-generic', java.version: '17.0.14'
Driver info: org.openqa.selenium.firefox.FirefoxDriver
Capabilities {acceptInsecureCerts: true, browserName: firefox, browserVersion: 136.0, javascriptEnabled: true, moz:accessibilityChecks: false, moz:buildID: 20250227124745, moz:geckodriverVersion: 0.36.0, moz:headless: false, moz:platformVersion: 5.15.0-136-generic, moz:processID: 32514, moz:profile: /tmp/rust_mozprofilegzVkY2, moz:shutdownTimeout: 60000, moz:webdriverClick: true, moz:windowless: false, pageLoadStrategy: normal, platform: LINUX, platformName: LINUX, proxy: Proxy(), setWindowRect: true, strictFileInteractability: false, timeouts: {implicit: 0, pageLoad: 300000, script: 30000}, unhandledPromptBehavior: dismiss and notify, userAgent: Mozilla/5.0 (X11; Ubuntu; L...}
Session ID: fd2e1968-cfa0-47c8-a7a4-38ecccab0d5b]]>
            </message>
            <full-stacktrace>
              <![CDATA[org.openqa.selenium.WebDriverException: Reached error page: about:neterror?e=dnsNotFound&u=https%3A//qa.ifaclick.com/login&c=UTF-8&d=We%20can%E2%80%99t%20connect%20to%20the%20server%20at%20qa.ifaclick.com.
Build info: version: '4.0.0-alpha-3', revision: '8c567de6dc'
System info: host: 'tsl', ip: '192.168.0.45', os.name: 'Linux', os.arch: 'amd64', os.version: '5.15.0-136-generic', java.version: '17.0.14'
Driver info: org.openqa.selenium.firefox.FirefoxDriver
Capabilities {acceptInsecureCerts: true, browserName: firefox, browserVersion: 136.0, javascriptEnabled: true, moz:accessibilityChecks: false, moz:buildID: 20250227124745, moz:geckodriverVersion: 0.36.0, moz:headless: false, moz:platformVersion: 5.15.0-136-generic, moz:processID: 32514, moz:profile: /tmp/rust_mozprofilegzVkY2, moz:shutdownTimeout: 60000, moz:webdriverClick: true, moz:windowless: false, pageLoadStrategy: normal, platform: LINUX, platformName: LINUX, proxy: Proxy(), setWindowRect: true, strictFileInteractability: false, timeouts: {implicit: 0, pageLoad: 300000, script: 30000}, unhandledPromptBehavior: dismiss and notify, userAgent: Mozilla/5.0 (X11; Ubuntu; L...}
Session ID: fd2e1968-cfa0-47c8-a7a4-38ecccab0d5b
at java.base/jdk.internal.reflect.NativeConstructorAccessorImpl.newInstance0(Native Method)
at java.base/jdk.internal.reflect.NativeConstructorAccessorImpl.newInstance(NativeConstructorAccessorImpl.java:77)
at java.base/jdk.internal.reflect.DelegatingConstructorAccessorImpl.newInstance(DelegatingConstructorAccessorImpl.java:45)
at java.base/java.lang.reflect.Constructor.newInstanceWithCaller(Constructor.java:500)
at java.base/java.lang.reflect.Constructor.newInstance(Constructor.java:481)
at org.openqa.selenium.remote.codec.w3c.W3CHttpResponseCodec.createException(W3CHttpResponseCodec.java:191)
at org.openqa.selenium.remote.codec.w3c.W3CHttpResponseCodec.decode(W3CHttpResponseCodec.java:125)
at org.openqa.selenium.remote.codec.w3c.W3CHttpResponseCodec.decode(W3CHttpResponseCodec.java:52)
at org.openqa.selenium.remote.HttpCommandExecutor.execute(HttpCommandExecutor.java:161)
at org.openqa.selenium.remote.service.DriverCommandExecutor.execute(DriverCommandExecutor.java:83)
at org.openqa.selenium.remote.RemoteWebDriver.execute(RemoteWebDriver.java:576)
at org.openqa.selenium.remote.RemoteWebDriver.get(RemoteWebDriver.java:276)
at CRM.TestScriptsClass.TC9_UploadDocument(TestScriptsClass.java:238)
at java.base/jdk.internal.reflect.NativeMethodAccessorImpl.invoke0(Native Method)
at java.base/jdk.internal.reflect.NativeMethodAccessorImpl.invoke(NativeMethodAccessorImpl.java:77)
at java.base/jdk.internal.reflect.DelegatingMethodAccessorImpl.invoke(DelegatingMethodAccessorImpl.java:43)
at java.base/java.lang.reflect.Method.invoke(Method.java:569)
at org.testng.internal.MethodInvocationHelper.invokeMethod(MethodInvocationHelper.java:124)
at org.testng.internal.Invoker.invokeMethod(Invoker.java:583)
at org.testng.internal.Invoker.invokeTestMethod(Invoker.java:719)
at org.testng.internal.Invoker.invokeTestMethods(Invoker.java:989)
at org.testng.internal.TestMethodWorker.invokeTestMethods(TestMethodWorker.java:125)
at org.testng.internal.TestMethodWorker.run(TestMethodWorker.java:109)
at org.testng.TestRunner.privateRun(TestRunner.java:648)
at org.testng.TestRunner.run(TestRunner.java:505)
at org.testng.SuiteRunner.runTest(SuiteRunner.java:455)
at org.testng.SuiteRunner.runSequentially(SuiteRunner.java:450)
at org.testng.SuiteRunner.privateRun(SuiteRunner.java:415)
at org.testng.SuiteRunner.run(SuiteRunner.java:364)
at org.testng.SuiteRunnerWorker.runSuite(SuiteRunnerWorker.java:52)
at org.testng.SuiteRunnerWorker.run(SuiteRunnerWorker.java:84)
at org.testng.TestNG.runSuitesSequentially(TestNG.java:1208)
at org.testng.TestNG.runSuitesLocally(TestNG.java:1137)
at org.testng.TestNG.runSuites(TestNG.java:1049)
at org.testng.TestNG.run(TestNG.java:1017)
at org.testng.remote.AbstractRemoteTestNG.run(AbstractRemoteTestNG.java:115)
at org.testng.remote.RemoteTestNG.initAndRun(RemoteTestNG.java:293)
at org.testng.remote.RemoteTestNG.main(RemoteTestNG.java:91)
]]>
            </full-stacktrace>
          </exception> <!-- org.openqa.selenium.WebDriverException -->
          <reporter-output>
          </reporter-output>
        </test-method> <!-- TC9_UploadDocument -->
        <test-method is-config="true" signature="tearDown()[pri:0, instance:CRM.TestScriptsClass@3e27ba32]" started-at="2025-07-31T06:13:07Z" name="tearDown" finished-at="2025-07-31T06:13:09Z" duration-ms="2742" status="PASS">
          <reporter-output>
          </reporter-output>
        </test-method> <!-- tearDown -->
      </class> <!-- CRM.TestScriptsClass -->
    </test> <!-- Test -->
  </suite> <!-- Suite -->
</testng-results>
